# JRE version: 7.0_21-b11
# Java VM: Java HotSpot(TM) Server VM (23.21-b01 mixed mode linux-x86 )
Heap
 PSYoungGen      total 7360K, used 3220K [0xa8c10000, 0xa9390000, 0xb36b0000)
  eden space 7040K, 44% used [0xa8c10000,0xa8f1d0e0,0xa92f0000)
  from space 320K, 30% used [0xa92f0000,0xa9308000,0xa9340000)
  to   space 320K, 0% used [0xa9340000,0xa9340000,0xa9390000)
 ParOldGen       total 128576K, used 126607K [0x936b0000, 0x9b440000, 0xa8c10000)
  object space 128576K, 98% used [0x936b0000,0x9b253cc0,0x9b440000)
 PSPermGen       total 22912K, used 22625K [0x8f6b0000, 0x90d10000, 0x936b0000)
  object space 22912K, 98% used [0x8f6b0000,0x90cc86b0,0x90d10000)
GC Heap History (10 events):
Event: 24908,471 GC heap before
{Heap before GC invocations=5406 (full 59):
 PSYoungGen      total 7424K, used 7184K [0xa8c10000, 0xa93b0000, 0xb36b0000)
  eden space 7040K, 100% used [0xa8c10000,0xa92f0000,0xa92f0000)
  from space 384K, 37% used [0xa9350000,0xa9374010,0xa93b0000)
  to   space 384K, 0% used [0xa92f0000,0xa92f0000,0xa9350000)
 ParOldGen       total 128576K, used 126579K [0x936b0000, 0x9b440000, 0xa8c10000)
  object space 128576K, 98% used [0x936b0000,0x9b24ccc0,0x9b440000)
 PSPermGen       total 22912K, used 22625K [0x8f6b0000, 0x90d10000, 0x936b0000)
  object space 22912K, 98% used [0x8f6b0000,0x90cc86b0,0x90d10000)
Event: 24908,474 GC heap after
Heap after GC invocations=5406 (full 59):
 PSYoungGen      total 7424K, used 152K [0xa8c10000, 0xa93b0000, 0xb36b0000)
  eden space 7040K, 0% used [0xa8c10000,0xa8c10000,0xa92f0000)
  from space 384K, 39% used [0xa92f0000,0xa9316020,0xa9350000)
  to   space 384K, 0% used [0xa9350000,0xa9350000,0xa93b0000)
 ParOldGen       total 128576K, used 126583K [0x936b0000, 0x9b440000, 0xa8c10000)
  object space 128576K, 98% used [0x936b0000,0x9b24dcc0,0x9b440000)
 PSPermGen       total 22912K, used 22625K [0x8f6b0000, 0x90d10000, 0x936b0000)
  object space 22912K, 98% used [0x8f6b0000,0x90cc86b0,0x90d10000)
}
Event: 24912,571 GC heap before
{Heap before GC invocations=5407 (full 59):
 PSYoungGen      total 7424K, used 7192K [0xa8c10000, 0xa93b0000, 0xb36b0000)
  eden space 7040K, 100% used [0xa8c10000,0xa92f0000,0xa92f0000)
  from space 384K, 39% used [0xa92f0000,0xa9316020,0xa9350000)
  to   space 384K, 0% used [0xa9350000,0xa9350000,0xa93b0000)
 ParOldGen       total 128576K, used 126583K [0x936b0000, 0x9b440000, 0xa8c10000)
  object space 128576K, 98% used [0x936b0000,0x9b24dcc0,0x9b440000)
 PSPermGen       total 22912K, used 22625K [0x8f6b0000, 0x90d10000, 0x936b0000)
  object space 22912K, 98% used [0x8f6b0000,0x90cc86b0,0x90d10000)
Event: 24912,574 GC heap after
Heap after GC invocations=5407 (full 59):
 PSYoungGen      total 7296K, used 160K [0xa8c10000, 0xa9390000, 0xb36b0000)
  eden space 7040K, 0% used [0xa8c10000,0xa8c10000,0xa92f0000)
  from space 256K, 62% used [0xa9350000,0xa9378010,0xa9390000)
  to   space 320K, 0% used [0xa92f0000,0xa92f0000,0xa9340000)
 ParOldGen       total 128576K, used 126587K [0x936b0000, 0x9b440000, 0xa8c10000)
  object space 128576K, 98% used [0x936b0000,0x9b24ecc0,0x9b440000)
 PSPermGen       total 22912K, used 22625K [0x8f6b0000, 0x90d10000, 0x936b0000)
  object space 22912K, 98% used [0x8f6b0000,0x90cc86b0,0x90d10000)
}
Event: 24916,651 GC heap before
{Heap before GC invocations=5408 (full 59):
 PSYoungGen      total 7296K, used 7200K [0xa8c10000, 0xa9390000, 0xb36b0000)
  eden space 7040K, 100% used [0xa8c10000,0xa92f0000,0xa92f0000)
  from space 256K, 62% used [0xa9350000,0xa9378010,0xa9390000)
  to   space 320K, 0% used [0xa92f0000,0xa92f0000,0xa9340000)
 ParOldGen       total 128576K, used 126587K [0x936b0000, 0x9b440000, 0xa8c10000)
  object space 128576K, 98% used [0x936b0000,0x9b24ecc0,0x9b440000)
 PSPermGen       total 22912K, used 22625K [0x8f6b0000, 0x90d10000, 0x936b0000)
  object space 22912K, 98% used [0x8f6b0000,0x90cc86b0,0x90d10000)
Event: 24916,654 GC heap after
Heap after GC invocations=5408 (full 59):
 PSYoungGen      total 7360K, used 141K [0xa8c10000, 0xa9390000, 0xb36b0000)
  eden space 7040K, 0% used [0xa8c10000,0xa8c10000,0xa92f0000)
  from space 320K, 44% used [0xa92f0000,0xa9313740,0xa9340000)
  to   space 320K, 0% used [0xa9340000,0xa9340000,0xa9390000)
 ParOldGen       total 128576K, used 126591K [0x936b0000, 0x9b440000, 0xa8c10000)
  object space 128576K, 98% used [0x936b0000,0x9b24fcc0,0x9b440000)
 PSPermGen       total 22912K, used 22625K [0x8f6b0000, 0x90d10000, 0x936b0000)
  object space 22912K, 98% used [0x8f6b0000,0x90cc86b0,0x90d10000)
}
Event: 24922,774 GC heap before
{Heap before GC invocations=5409 (full 59):
 PSYoungGen      total 7360K, used 7181K [0xa8c10000, 0xa9390000, 0xb36b0000)
  eden space 7040K, 100% used [0xa8c10000,0xa92f0000,0xa92f0000)
  from space 320K, 44% used [0xa92f0000,0xa9313740,0xa9340000)
  to   space 320K, 0% used [0xa9340000,0xa9340000,0xa9390000)
 ParOldGen       total 128576K, used 126591K [0x936b0000, 0x9b440000, 0xa8c10000)
  object space 128576K, 98% used [0x936b0000,0x9b24fcc0,0x9b440000)
 PSPermGen       total 22912K, used 22625K [0x8f6b0000, 0x90d10000, 0x936b0000)
  object space 22912K, 98% used [0x8f6b0000,0x90cc86b0,0x90d10000)
Event: 24922,777 GC heap after
Heap after GC invocations=5409 (full 59):
 PSYoungGen      total 7360K, used 112K [0xa8c10000, 0xa9390000, 0xb36b0000)
  eden space 7040K, 0% used [0xa8c10000,0xa8c10000,0xa92f0000)
  from space 320K, 35% used [0xa9340000,0xa935c000,0xa9390000)
  to   space 320K, 0% used [0xa92f0000,0xa92f0000,0xa9340000)
 ParOldGen       total 128576K, used 126599K [0x936b0000, 0x9b440000, 0xa8c10000)
  object space 128576K, 98% used [0x936b0000,0x9b251cc0,0x9b440000)
 PSPermGen       total 22912K, used 22625K [0x8f6b0000, 0x90d10000, 0x936b0000)
  object space 22912K, 98% used [0x8f6b0000,0x90cc86b0,0x90d10000)
}
Event: 24926,856 GC heap before
{Heap before GC invocations=5410 (full 59):
 PSYoungGen      total 7360K, used 7152K [0xa8c10000, 0xa9390000, 0xb36b0000)
  eden space 7040K, 100% used [0xa8c10000,0xa92f0000,0xa92f0000)
  from space 320K, 35% used [0xa9340000,0xa935c000,0xa9390000)
  to   space 320K, 0% used [0xa92f0000,0xa92f0000,0xa9340000)
 ParOldGen       total 128576K, used 126599K [0x936b0000, 0x9b440000, 0xa8c10000)
  object space 128576K, 98% used [0x936b0000,0x9b251cc0,0x9b440000)
 PSPermGen       total 22912K, used 22625K [0x8f6b0000, 0x90d10000, 0x936b0000)
  object space 22912K, 98% used [0x8f6b0000,0x90cc86b0,0x90d10000)
Event: 24926,858 GC heap after
Heap after GC invocations=5410 (full 59):
 PSYoungGen      total 7360K, used 96K [0xa8c10000, 0xa9390000, 0xb36b0000)
  eden space 7040K, 0% used [0xa8c10000,0xa8c10000,0xa92f0000)
  from space 320K, 30% used [0xa92f0000,0xa9308000,0xa9340000)
  to   space 320K, 0% used [0xa9340000,0xa9340000,0xa9390000)
 ParOldGen       total 128576K, used 126607K [0x936b0000, 0x9b440000, 0xa8c10000)
  object space 128576K, 98% used [0x936b0000,0x9b253cc0,0x9b440000)
 PSPermGen       total 22912K, used 22625K [0x8f6b0000, 0x90d10000, 0x936b0000)
  object space 22912K, 98% used [0x8f6b0000,0x90cc86b0,0x90d10000)
}

